
> rest-express@1.0.0 electron
> electron electron-main.cjs

Starting Electron app...

> rest-express@1.0.0 dev:server
> NODE_ENV=development PORT=5001 tsx server/index.ts

⚠️ ELEVENLABS_API_KEY not found in environment variables
🦀 [Rust Audio] Service available: true
node:events:485
      throw er; // Unhandled 'error' event
      ^

Error: listen EADDRINUSE: address already in use 0.0.0.0:5001
    at Server.setupListenHandle [as _listen2] (node:net:1939:16)
    at listenInCluster (node:net:1996:12)
    at node:net:2205:7
    at process.processTicksAndRejections (node:internal/process/task_queues:90:21)
Emitted 'error' event on Server instance at:
    at emitErrorNT (node:net:1975:8)
    at process.processTicksAndRejections (node:internal/process/task_queues:90:21) {
  code: 'EADDRINUSE',
  errno: -48,
  syscall: 'listen',
  address: '0.0.0.0',
  port: 5001
}

Node.js v23.11.0
Creating window...
Window displayed successfully
2025-08-06 15:42:49.155 Electron[13488:1955109] +[IMKClient subclass]: chose IMKClient_Legacy
2025-08-06 15:42:49.155 Electron[13488:1955109] +[IMKInputSession subclass]: chose IMKInputSession_Legacy
sysctlbyname for kern.hv_vmm_present failed with status -1Failed to load: -102 ERR_CONNECTION_REFUSED
(node:13488) electron: Failed to load URL: http://localhost:5001/ with error: ERR_CONNECTION_REFUSED
(Use `Electron --trace-warnings ...` to show where the warning was created)
Window displayed successfully
Failed to load: -102 ERR_CONNECTION_REFUSED
(node:13488) electron: Failed to load URL: http://localhost:5001/ with error: ERR_CONNECTION_REFUSED
Failed to load: -102 ERR_CONNECTION_REFUSED
(node:13488) electron: Failed to load URL: http://localhost:5001/ with error: ERR_CONNECTION_REFUSED
Failed to load: -102 ERR_CONNECTION_REFUSED
(node:13488) electron: Failed to load URL: http://localhost:5001/ with error: ERR_CONNECTION_REFUSED
Failed to load: -102 ERR_CONNECTION_REFUSED
(node:13488) electron: Failed to load URL: http://localhost:5001/ with error: ERR_CONNECTION_REFUSED
Failed to load: -102 ERR_CONNECTION_REFUSED
(node:13488) electron: Failed to load URL: http://localhost:5001/ with error: ERR_CONNECTION_REFUSED
Failed to load: -102 ERR_CONNECTION_REFUSED
(node:13488) electron: Failed to load URL: http://localhost:5001/ with error: ERR_CONNECTION_REFUSED
Failed to load: -102 ERR_CONNECTION_REFUSED
(node:13488) electron: Failed to load URL: http://localhost:5001/ with error: ERR_CONNECTION_REFUSED
Failed to load: -102 ERR_CONNECTION_REFUSED
(node:13488) electron: Failed to load URL: http://localhost:5001/ with error: ERR_CONNECTION_REFUSED
Failed to load: -102 ERR_CONNECTION_REFUSED
(node:13488) electron: Failed to load URL: http://localhost:5001/ with error: ERR_CONNECTION_REFUSED
Failed to load: -102 ERR_CONNECTION_REFUSED
(node:13488) electron: Failed to load URL: http://localhost:5001/ with error: ERR_CONNECTION_REFUSED
Failed to load: -102 ERR_CONNECTION_REFUSED
(node:13488) electron: Failed to load URL: http://localhost:5001/ with error: ERR_CONNECTION_REFUSED
Failed to load: -102 ERR_CONNECTION_REFUSED
(node:13488) electron: Failed to load URL: http://localhost:5001/ with error: ERR_CONNECTION_REFUSED
Failed to load: -102 ERR_CONNECTION_REFUSED
(node:13488) electron: Failed to load URL: http://localhost:5001/ with error: ERR_CONNECTION_REFUSED
Failed to load: -102 ERR_CONNECTION_REFUSED
(node:13488) electron: Failed to load URL: http://localhost:5001/ with error: ERR_CONNECTION_REFUSED
Failed to load: -102 ERR_CONNECTION_REFUSED
(node:13488) electron: Failed to load URL: http://localhost:5001/ with error: ERR_CONNECTION_REFUSED
Failed to load: -102 ERR_CONNECTION_REFUSED
(node:13488) electron: Failed to load URL: http://localhost:5001/ with error: ERR_CONNECTION_REFUSED
Failed to load: -102 ERR_CONNECTION_REFUSED
(node:13488) electron: Failed to load URL: http://localhost:5001/ with error: ERR_CONNECTION_REFUSED
Failed to load: -102 ERR_CONNECTION_REFUSED
(node:13488) electron: Failed to load URL: http://localhost:5001/ with error: ERR_CONNECTION_REFUSED
Failed to load: -102 ERR_CONNECTION_REFUSED
(node:13488) electron: Failed to load URL: http://localhost:5001/ with error: ERR_CONNECTION_REFUSED
Failed to load: -102 ERR_CONNECTION_REFUSED
(node:13488) electron: Failed to load URL: http://localhost:5001/ with error: ERR_CONNECTION_REFUSED
Failed to load: -102 ERR_CONNECTION_REFUSED
(node:13488) electron: Failed to load URL: http://localhost:5001/ with error: ERR_CONNECTION_REFUSED
Failed to load: -102 ERR_CONNECTION_REFUSED
(node:13488) electron: Failed to load URL: http://localhost:5001/ with error: ERR_CONNECTION_REFUSED
Failed to load: -102 ERR_CONNECTION_REFUSED
(node:13488) electron: Failed to load URL: http://localhost:5001/ with error: ERR_CONNECTION_REFUSED
Failed to load: -102 ERR_CONNECTION_REFUSED
(node:13488) electron: Failed to load URL: http://localhost:5001/ with error: ERR_CONNECTION_REFUSED
Failed to load: -102 ERR_CONNECTION_REFUSED
(node:13488) electron: Failed to load URL: http://localhost:5001/ with error: ERR_CONNECTION_REFUSED
Failed to load: -102 ERR_CONNECTION_REFUSED
(node:13488) electron: Failed to load URL: http://localhost:5001/ with error: ERR_CONNECTION_REFUSED
Failed to load: -102 ERR_CONNECTION_REFUSED
(node:13488) electron: Failed to load URL: http://localhost:5001/ with error: ERR_CONNECTION_REFUSED
[13488:0806/161241.341119:ERROR:content/browser/network_service_instance_impl.cc:597] Network service crashed, restarting service.
[13488:0806/161241.341691:ERROR:content/browser/gpu/gpu_process_host.cc:957] GPU process exited unexpectedly: exit_code=15
/Users/manishshinde/Rian-Audio-Editor2/node_modules/electron/dist/Electron.app/Contents/MacOS/Electron exited with signal SIGTERM
[18627:0806/161241.413321:ERROR:base/apple/mach_port_rendezvous_mac.cc:255] bootstrap_look_up com.github.Electron.MachPortRendezvousServer.1: Permission denied (1100)
[18627:0806/161241.413484:ERROR:base/memory/shared_memory_switch.cc:266] No rendezvous client, terminating process (parent died?)
